<?xml version="1.0" encoding="UTF-8"?>
<!-- Generated by org.testng.reporters.JUnitXMLReporter -->
<testsuite ignored="0" hostname="DESKTOP-93U729M" failures="0" tests="1" name="Login Tests" time="0.039" errors="0" timestamp="2025-07-11T11:28:52 IST">
  <testcase classname="genericUtility.BaseClass" name="@BeforeSuite reportConfig" time="0.187">
    <failure type="java.lang.NullPointerException" message="Cannot invoke &amp;quot;com.aventstack.extentreports.ExtentTest.pass(String)&amp;quot; because &amp;quot;genericUtility.BaseClass.test&amp;quot; is null">
      <![CDATA[java.lang.NullPointerException: Cannot invoke "com.aventstack.extentreports.ExtentTest.pass(String)" because "genericUtility.BaseClass.test" is null
at genericUtility.BaseClass.reportConfig(BaseClass.java:68)
... Removed 17 stack frames]]>
    </failure>
  </testcase> <!-- @BeforeSuite reportConfig -->
  <testcase classname="genericUtility.BaseClass" name="@BeforeClass launchBrowser" time="0.0">
    <skipped/>
  </testcase> <!-- @BeforeClass launchBrowser -->
  <testcase classname="testScripts.SignInOut" name="@BeforeMethod setupPages" time="0.0">
    <skipped/>
  </testcase> <!-- @BeforeMethod setupPages -->
  <testcase classname="testScripts.SignInOut" name="@AfterMethod performLogout" time="0.0">
    <skipped/>
  </testcase> <!-- @AfterMethod performLogout -->
  <testcase classname="genericUtility.BaseClass" name="@AfterClass closeBrowser" time="0.0">
    <skipped/>
  </testcase> <!-- @AfterClass closeBrowser -->
  <testcase classname="test.TC_001" name="play" time="0.0">
    <skipped/>
  </testcase> <!-- play -->
</testsuite> <!-- Login Tests -->
